[debug] [2023-11-20T23:00:38.298Z] ----------------------------------------------------------------------
[debug] [2023-11-20T23:00:38.301Z] Command:       /Users/brunooliveira/.nvm/versions/node/v18.15.0/bin/node /Users/brunooliveira/.nvm/versions/node/v18.15.0/bin/firebase init
[debug] [2023-11-20T23:00:38.301Z] CLI Version:   12.9.1
[debug] [2023-11-20T23:00:38.302Z] Platform:      darwin
[debug] [2023-11-20T23:00:38.302Z] Node Version:  v18.15.0
[debug] [2023-11-20T23:00:38.303Z] Time:          Mon Nov 20 2023 20:00:38 GMT-0300 (Horário Padrão de Brasília)
[debug] [2023-11-20T23:00:38.304Z] ----------------------------------------------------------------------
[debug] 
[debug] [2023-11-20T23:00:38.312Z] > command requires scopes: ["email","openid","https://www.googleapis.com/auth/cloudplatformprojects.readonly","https://www.googleapis.com/auth/firebase","https://www.googleapis.com/auth/cloud-platform"]
[debug] [2023-11-20T23:00:38.313Z] > authorizing via signed-in user (ts0liveiira@gmail.com)
[info] 
     ######## #### ########  ######## ########     ###     ######  ########
     ##        ##  ##     ## ##       ##     ##  ##   ##  ##       ##
     ######    ##  ########  ######   ########  #########  ######  ######
     ##        ##  ##    ##  ##       ##     ## ##     ##       ## ##
     ##       #### ##     ## ######## ########  ##     ##  ######  ########

You're about to initialize a Firebase project in this directory:

  /Users/brunooliveira/Documents/Meus Projetos/PROJETOCONCLUIDO

[info] 
=== Project Setup
[info] 
[info] First, let's associate this project directory with a Firebase project.
[info] You can create multiple project aliases by running firebase use --add, 
[info] but for now we'll just set up a default project.
[info] 
[debug] [2023-11-20T23:03:10.106Z] >>> [apiv2][query] GET https://firebase.googleapis.com/v1beta1/projects pageSize=100
[debug] [2023-11-20T23:03:11.009Z] <<< [apiv2][status] GET https://firebase.googleapis.com/v1beta1/projects 200
[debug] [2023-11-20T23:03:11.009Z] <<< [apiv2][body] GET https://firebase.googleapis.com/v1beta1/projects [omitted]
[info] i  Using project brechomenta (brechomenta) 
[info] 
=== Functions Setup
[debug] [2023-11-20T23:03:13.326Z] > command requires scopes: ["email","openid","https://www.googleapis.com/auth/cloudplatformprojects.readonly","https://www.googleapis.com/auth/firebase","https://www.googleapis.com/auth/cloud-platform"]
[debug] [2023-11-20T23:03:13.326Z] > authorizing via signed-in user (ts0liveiira@gmail.com)
[debug] [2023-11-20T23:03:13.326Z] [iam] checking project brechomenta for permissions ["firebase.projects.get"]
[debug] [2023-11-20T23:03:13.328Z] >>> [apiv2][query] POST https://cloudresourcemanager.googleapis.com/v1/projects/brechomenta:testIamPermissions [none]
[debug] [2023-11-20T23:03:13.328Z] >>> [apiv2][(partial)header] POST https://cloudresourcemanager.googleapis.com/v1/projects/brechomenta:testIamPermissions x-goog-quota-user=projects/brechomenta
[debug] [2023-11-20T23:03:13.328Z] >>> [apiv2][body] POST https://cloudresourcemanager.googleapis.com/v1/projects/brechomenta:testIamPermissions {"permissions":["firebase.projects.get"]}
[debug] [2023-11-20T23:03:14.379Z] <<< [apiv2][status] POST https://cloudresourcemanager.googleapis.com/v1/projects/brechomenta:testIamPermissions 200
[debug] [2023-11-20T23:03:14.380Z] <<< [apiv2][body] POST https://cloudresourcemanager.googleapis.com/v1/projects/brechomenta:testIamPermissions {"permissions":["firebase.projects.get"]}
[debug] [2023-11-20T23:03:14.381Z] >>> [apiv2][query] GET https://serviceusage.googleapis.com/v1/projects/brechomenta/services/cloudfunctions.googleapis.com [none]
[debug] [2023-11-20T23:03:14.381Z] >>> [apiv2][(partial)header] GET https://serviceusage.googleapis.com/v1/projects/brechomenta/services/cloudfunctions.googleapis.com x-goog-quota-user=projects/brechomenta
[debug] [2023-11-20T23:03:14.384Z] >>> [apiv2][query] GET https://serviceusage.googleapis.com/v1/projects/brechomenta/services/runtimeconfig.googleapis.com [none]
[debug] [2023-11-20T23:03:14.384Z] >>> [apiv2][(partial)header] GET https://serviceusage.googleapis.com/v1/projects/brechomenta/services/runtimeconfig.googleapis.com x-goog-quota-user=projects/brechomenta
[debug] [2023-11-20T23:03:15.579Z] <<< [apiv2][status] GET https://serviceusage.googleapis.com/v1/projects/brechomenta/services/runtimeconfig.googleapis.com 200
[debug] [2023-11-20T23:03:15.579Z] <<< [apiv2][body] GET https://serviceusage.googleapis.com/v1/projects/brechomenta/services/runtimeconfig.googleapis.com [omitted]
[debug] [2023-11-20T23:03:15.605Z] <<< [apiv2][status] GET https://serviceusage.googleapis.com/v1/projects/brechomenta/services/cloudfunctions.googleapis.com 200
[debug] [2023-11-20T23:03:15.605Z] <<< [apiv2][body] GET https://serviceusage.googleapis.com/v1/projects/brechomenta/services/cloudfunctions.googleapis.com [omitted]
[debug] [2023-11-20T23:03:15.605Z] >>> [apiv2][query] POST https://serviceusage.googleapis.com/v1/projects/brechomenta/services/cloudfunctions.googleapis.com:enable [none]
[debug] [2023-11-20T23:03:15.606Z] >>> [apiv2][(partial)header] POST https://serviceusage.googleapis.com/v1/projects/brechomenta/services/cloudfunctions.googleapis.com:enable x-goog-quota-user=projects/brechomenta
[debug] [2023-11-20T23:03:17.451Z] <<< [apiv2][status] POST https://serviceusage.googleapis.com/v1/projects/brechomenta/services/cloudfunctions.googleapis.com:enable 200
[debug] [2023-11-20T23:03:17.451Z] <<< [apiv2][body] POST https://serviceusage.googleapis.com/v1/projects/brechomenta/services/cloudfunctions.googleapis.com:enable [omitted]
[debug] [2023-11-20T23:03:27.454Z] >>> [apiv2][query] GET https://serviceusage.googleapis.com/v1/projects/brechomenta/services/cloudfunctions.googleapis.com [none]
[debug] [2023-11-20T23:03:27.454Z] >>> [apiv2][(partial)header] GET https://serviceusage.googleapis.com/v1/projects/brechomenta/services/cloudfunctions.googleapis.com x-goog-quota-user=projects/brechomenta
[debug] [2023-11-20T23:03:28.532Z] <<< [apiv2][status] GET https://serviceusage.googleapis.com/v1/projects/brechomenta/services/cloudfunctions.googleapis.com 200
[debug] [2023-11-20T23:03:28.532Z] <<< [apiv2][body] GET https://serviceusage.googleapis.com/v1/projects/brechomenta/services/cloudfunctions.googleapis.com [omitted]
[info] Let's create a new codebase for your functions.
[info] A directory corresponding to the codebase will be created in your project
[info] with sample code pre-configured.

[info] See https://firebase.google.com/docs/functions/organize-functions for
[info] more information on organizing your functions using codebases.

[info] Functions can be deployed with firebase deploy.

[info] ✔  Wrote functions/package.json 
[info] ✔  Wrote functions/.eslintrc.js 
[info] ✔  Wrote functions/index.js 
[info] ✔  Wrote functions/.gitignore 
[info] 
=== Hosting Setup
[debug] [2023-11-20T23:03:52.248Z] >>> [apiv2][query] GET https://firebase.googleapis.com/v1beta1/projects/brechomenta [none]
[debug] [2023-11-20T23:03:52.798Z] <<< [apiv2][status] GET https://firebase.googleapis.com/v1beta1/projects/brechomenta 200
[debug] [2023-11-20T23:03:52.798Z] <<< [apiv2][body] GET https://firebase.googleapis.com/v1beta1/projects/brechomenta {"projectId":"brechomenta","projectNumber":"1090999048663","displayName":"brechomenta","name":"projects/brechomenta","resources":{"hostingSite":"brechomenta"},"state":"ACTIVE","etag":"1_a6108667-13e2-47ae-aa15-a534a217bde9"}
[info] 
[info] Your public directory is the folder (relative to your project directory) that
[info] will contain Hosting assets to be uploaded with firebase deploy. If you
[info] have a build process for your assets, use your build's output directory.
[info] 
[debug] [2023-11-20T23:04:17.120Z] >>> [apiv2][query] GET https://www.gstatic.com/firebasejs/releases.json [none]
[debug] [2023-11-20T23:04:17.330Z] <<< [apiv2][status] GET https://www.gstatic.com/firebasejs/releases.json 200
[debug] [2023-11-20T23:04:17.330Z] <<< [apiv2][body] GET https://www.gstatic.com/firebasejs/releases.json {"current":{"version":"10.6.0","browserURL":"https://www.gstatic.com/firebasejs/10.6.0/firebase.js","packageURL":"https://www.gstatic.com/firebasejs/10.6.0/firebase.tgz"},"live":{"version":"10.6","browserURL":"https://www.gstatic.com/firebasejs/live/10.6/firebase.js","packageURL":"https://www.gstatic.com/firebasejs/live/10.6/firebase.tgz"},"components":{"analytics":"https://www.gstatic.com/firebasejs/10.6.0/firebase-analytics.js","app":"https://www.gstatic.com/firebasejs/10.6.0/firebase-app.js","app-check":"https://www.gstatic.com/firebasejs/10.6.0/firebase-app-check.js","auth":"https://www.gstatic.com/firebasejs/10.6.0/firebase-auth.js","auth/cordova":"https://www.gstatic.com/firebasejs/10.6.0/firebase-auth/cordova.js","functions":"https://www.gstatic.com/firebasejs/10.6.0/firebase-functions.js","firestore":"https://www.gstatic.com/firebasejs/10.6.0/firebase-firestore.js","firestore/lite":"https://www.gstatic.com/firebasejs/10.6.0/firebase-firestore/lite.js","installations":"https://www.gstatic.com/firebasejs/10.6.0/firebase-installations.js","storage":"https://www.gstatic.com/firebasejs/10.6.0/firebase-storage.js","performance":"https://www.gstatic.com/firebasejs/10.6.0/firebase-performance.js","remote-config":"https://www.gstatic.com/firebasejs/10.6.0/firebase-remote-config.js","messaging":"https://www.gstatic.com/firebasejs/10.6.0/firebase-messaging.js","messaging/sw":"https://www.gstatic.com/firebasejs/10.6.0/firebase-messaging/sw.js","database":"https://www.gstatic.com/firebasejs/10.6.0/firebase-database.js","firestore.memory":"https://www.gstatic.com/firebasejs/10.6.0/firebase-firestore.memory.js"}}
[info] ✔  Wrote n/index.html 
[info] 
[info] i  Didn't detect a .git folder. Assuming /Users/brunooliveira/Documents/Meus Projetos/PROJETOCONCLUIDO is the project root. 
[info] i  Authorizing with GitHub to upload your service account to a GitHub repository's secrets store. 
[info] 
[info] Visit this URL on this device to log in:
[info] https://github.com/login/oauth/authorize?client_id=89cf50f02ac6aaed3484&state=539499315&redirect_uri=http%3A%2F%2Flocalhost%3A9005&scope=read%3Auser%20repo%20public_repo
[info] 
[info] Waiting for authentication...
[debug] [2023-11-20T23:04:56.361Z] >>> [apiv2][query] POST https://github.com/login/oauth/access_token [none]
[debug] [2023-11-20T23:04:56.361Z] >>> [apiv2][body] POST https://github.com/login/oauth/access_token [stream]
[debug] [2023-11-20T23:04:56.793Z] <<< [apiv2][status] POST https://github.com/login/oauth/access_token 200
[debug] [2023-11-20T23:04:56.793Z] <<< [apiv2][body] POST https://github.com/login/oauth/access_token {"access_token":"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","token_type":"bearer","scope":"read:user,repo"}
[debug] [2023-11-20T23:04:56.801Z] >>> [apiv2][query] GET https://api.github.com/user [none]
[debug] [2023-11-20T23:04:57.233Z] <<< [apiv2][status] GET https://api.github.com/user 200
[debug] [2023-11-20T23:04:57.233Z] <<< [apiv2][body] GET https://api.github.com/user {"login":"bruno95olly","id":89094799,"node_id":"MDQ6VXNlcjg5MDk0Nzk5","avatar_url":"https://avatars.githubusercontent.com/u/89094799?v=4","gravatar_id":"","url":"https://api.github.com/users/bruno95olly","html_url":"https://github.com/bruno95olly","followers_url":"https://api.github.com/users/bruno95olly/followers","following_url":"https://api.github.com/users/bruno95olly/following{/other_user}","gists_url":"https://api.github.com/users/bruno95olly/gists{/gist_id}","starred_url":"https://api.github.com/users/bruno95olly/starred{/owner}{/repo}","subscriptions_url":"https://api.github.com/users/bruno95olly/subscriptions","organizations_url":"https://api.github.com/users/bruno95olly/orgs","repos_url":"https://api.github.com/users/bruno95olly/repos","events_url":"https://api.github.com/users/bruno95olly/events{/privacy}","received_events_url":"https://api.github.com/users/bruno95olly/received_events","type":"User","site_admin":false,"name":"Bruno Oliveira","company":"Senai Jandira","blog":"","location":null,"email":null,"hireable":null,"bio":null,"twitter_username":null,"public_repos":24,"public_gists":0,"followers":35,"following":23,"created_at":"2021-08-17T16:29:05Z","updated_at":"2023-09-27T19:29:55Z","private_gists":0,"total_private_repos":2,"owned_private_repos":2,"disk_usage":67511,"collaborators":0,"two_factor_authentication":true,"plan":{"name":"free","space":976562499,"collaborators":0,"private_repos":10000}}
[info] 
[info] ✔  Success! Logged into GitHub as bruno95olly 
[info] 
[debug] [2023-11-20T23:05:25.186Z] >>> [apiv2][query] GET https://api.github.com/repos/n/actions/secrets/public-key type=owner
[debug] [2023-11-20T23:05:25.437Z] <<< [apiv2][status] GET https://api.github.com/repos/n/actions/secrets/public-key 404
[debug] [2023-11-20T23:05:25.437Z] <<< [apiv2][body] GET https://api.github.com/repos/n/actions/secrets/public-key {"message":"Not Found","documentation_url":"https://docs.github.com/rest"}
[info] 
[info] 
[error] ⚠  The provided authorization cannot be used with this repository. If this repository is in an organization, did you remember to grant access? 
[info] 
[info] i  Action required: Visit this URL to ensure access has been granted to the appropriate organization(s) for the Firebase CLI GitHub OAuth App: 
[info] https://github.com/settings/connections/applications/89cf50f02ac6aaed3484
[info] 
